<?xml version="1.0" encoding="UTF-8"?>
<testng-results ignored="0" total="1" passed="1" failed="0" skipped="0">
  <reporter-output>
  </reporter-output>
  <suite started-at="2021-09-09T14:28:16 IST" name="Default suite" finished-at="2021-09-09T14:28:16 IST" duration-ms="62">
    <groups>
    </groups>
    <test started-at="2021-09-09T14:28:16 IST" name="Default test" finished-at="2021-09-09T14:28:16 IST" duration-ms="62">
      <class name="sample.test">
        <test-method signature="testing()[pri:0, instance:sample.test@59af0466]" started-at="2021-09-09T14:28:16 IST" name="testing" finished-at="2021-09-09T14:28:16 IST" duration-ms="10" status="PASS">
          <reporter-output>
          </reporter-output>
        </test-method> <!-- testing -->
      </class> <!-- sample.test -->
    </test> <!-- Default test -->
  </suite> <!-- Default suite -->
</testng-results>
